<?xml version="1.0" encoding="UTF-8"?>
<!-- Generated by org.testng.reporters.JUnitXMLReporter -->
<testsuite ignored="0" hostname="FTIdfAg9i6YdqxJ" failures="0" tests="4" name="Default test" time="73.046" errors="0" timestamp="2023-04-13T16:51:13 IST">
  <testcase classname="quickstart.Tests.DemoTest" name="GoogleSearch_Facebook" time="12.962"/>
  <testcase classname="quickstart.Tests.DemoTest" name="GoogleSearch_LinkedIn" time="10.623"/>
  <testcase classname="quickstart.Tests.DemoTest" name="GoogleSearch_Twitter" time="10.911"/>
  <testcase classname="quickstart.Tests.DemoTest" name="GoogleSearch_automationScript" time="12.307"/>
</testsuite> <!-- Default test -->
