<?xml version="1.0" encoding="UTF-8"?>
<!-- Generated by org.testng.reporters.JUnitXMLReporter -->
<testsuite ignored="0" hostname="FTIdfAg9i6YdqxJ" failures="0" tests="4" name="Page Object Model using By and TestNG" time="16.611" errors="0" timestamp="2023-04-12T18:30:06 IST">
  <testcase classname="quickstart.Tests.DemoTest" name="GoogleSearch_Facebook" time="3.002"/>
  <testcase classname="quickstart.Tests.DemoTest" name="GoogleSearch_LinkedIn" time="3.416"/>
  <testcase classname="quickstart.Tests.DemoTest" name="GoogleSearch_Twitter" time="3.743"/>
  <testcase classname="quickstart.Tests.DemoTest" name="GoogleSearch_automationScript" time="1.617"/>
</testsuite> <!-- Page Object Model using By and TestNG -->
